<?xml version="1.0" encoding="UTF-8"?>
<!-- Generated by org.testng.reporters.JUnitReportReporter -->
<testsuite skipped="0" hostname="WS-6LP8XT2" name="com.training.ut.CalculatorTest" tests="2" failures="0" timestamp="2020-12-02T11:55:41 CET" time="0.014" errors="0">
  <testcase name="sumOfIntegersReturnInteger" time="0.002" classname="com.training.ut.CalculatorTest"/>
  <system-out/>
  <testcase name="shouldAnswerWithTrueTest" time="0.012" classname="com.training.ut.CalculatorTest"/>
  <system-out/>
</testsuite> <!-- com.training.ut.CalculatorTest -->
